            S0	      S4	      S5	      S3	      S2	      S1	   TOTAL	
  C0:      338	     303	     330	     233	     260	     297	    1761	(42.47)
  C2:       18	     839	      40	      74	      46	      50	    1067	(25.74)
  C3:       12	     184	      17	      16	      15	      11	     255	(6.15)
  C4:        3	     100	      13	      79	      11	       7	     213	(5.14)
  C5:        1	     187	       0	       0	      10	       3	     201	(4.85)
  C7:        0	     154	       1	       3	       0	       3	     161	(3.88)
  C1:*       1	     221	       2	       8	       4	       2	     238	(5.74)
  C6:*       0	      98	       1	      15	       3	       1	     118	(2.85)
  C8:*       0	      49	       0	       1	       0	       0	      50	(1.21)
  C9:*       0	      82	       0	       0	       0	       0	      82	(1.98)
 TOTAL     373	    2217	     404	     429	     349	     374	    4146
         (9.00)   (53.47)   (9.74)   (10.35)   (8.42)   (9.02)
Precision = 35.16(1286/3658)
Recall = 31.02(1286/4146+0)
F-Measure = 32.96

Legend of Sense Tags
S0 = lines.cord
S1 = lines.division
S2 = lines.formation
S3 = lines.phone
S4 = lines.product
S5 = lines.text
