            S0	      S1	   TOTAL	
  C1:      502	     269	     771	(50.26)
  C3:       26	      34	      60	(3.91)
  C0:*      38	      21	      59	(3.85)
 C10:*      35	      17	      52	(3.39)
 C11:*      38	      18	      56	(3.65)
 C12:*      60	      15	      75	(4.89)
 C13:*      21	       4	      25	(1.63)
 C14:*       6	       0	       6	(0.39)
 C15:*       0	       3	       3	(0.20)
 C16:*       0	       8	       8	(0.52)
 C17:*      29	      25	      54	(3.52)
 C18:*      12	       1	      13	(0.85)
 C19:*      17	       2	      19	(1.24)
  C2:*      16	      10	      26	(1.69)
 C20:*       0	       4	       4	(0.26)
 C21:*       3	       0	       3	(0.20)
 C22:*      17	       2	      19	(1.24)
 C23:*       1	       0	       1	(0.07)
 C24:*       7	       5	      12	(0.78)
 C25:*      17	       8	      25	(1.63)
 C26:*      19	       0	      19	(1.24)
 C27:*       0	       4	       4	(0.26)
 C28:*       0	      16	      16	(1.04)
 C29:*       0	       1	       1	(0.07)
  C4:*      25	      30	      55	(3.59)
  C5:*      27	      15	      42	(2.74)
  C6:*       3	      14	      17	(1.11)
  C7:*      31	      12	      43	(2.80)
  C8:*       6	       9	      15	(0.98)
  C9:*      16	      15	      31	(2.02)
 TOTAL     972	     562	    1534
         (63.36)   (36.64)
Precision = 64.50(536/831)
Recall = 34.94(536/1534+0)
F-Measure = 45.33

Legend of Sense Tags
S0 = g_y.government
S1 = g_y.year
