            S1	      S0	   TOTAL	
  C0:      379	     243	     622	(39.77)
  C1:       76	      77	     153	(9.78)
 C10:*       9	       7	      16	(1.02)
 C11:*      21	       9	      30	(1.92)
 C12:*      27	      34	      61	(3.90)
 C13:*      24	      24	      48	(3.07)
 C14:*      12	       4	      16	(1.02)
 C15:*      17	       5	      22	(1.41)
 C16:*      45	      17	      62	(3.96)
 C17:*       6	       3	       9	(0.58)
 C18:*       7	      14	      21	(1.34)
 C19:*       4	       7	      11	(0.70)
  C2:*      43	      28	      71	(4.54)
 C20:*       5	       6	      11	(0.70)
 C21:*       3	       2	       5	(0.32)
 C22:*       0	       3	       3	(0.19)
 C23:*       0	       3	       3	(0.19)
 C24:*       4	       7	      11	(0.70)
 C25:*       1	       3	       4	(0.26)
 C26:*      19	       1	      20	(1.28)
 C27:*       3	       2	       5	(0.32)
 C28:*       0	       6	       6	(0.38)
 C29:*       2	       1	       3	(0.19)
  C3:*      41	      28	      69	(4.41)
 C30:*       1	       0	       1	(0.06)
 C31:*       1	       1	       2	(0.13)
 C32:*       2	       1	       3	(0.19)
 C33:*       3	       1	       4	(0.26)
 C34:*       5	       0	       5	(0.32)
 C35:*       0	       3	       3	(0.19)
 C36:*       2	       0	       2	(0.13)
 C37:*       1	       1	       2	(0.13)
 C38:*       2	       0	       2	(0.13)
 C39:*      26	       2	      28	(1.79)
  C4:*      12	       7	      19	(1.21)
 C40:*       8	       0	       8	(0.51)
 C41:*       4	       0	       4	(0.26)
 C42:*       1	       0	       1	(0.06)
 C43:*       3	       0	       3	(0.19)
 C44:*       4	       0	       4	(0.26)
 C45:*       4	       0	       4	(0.26)
  C5:*      34	      33	      67	(4.28)
  C6:*      27	       9	      36	(2.30)
  C7:*      18	      11	      29	(1.85)
  C8:*      16	      10	      26	(1.66)
  C9:*      12	      17	      29	(1.85)
 TOTAL     934	     630	    1564
         (59.72)   (40.28)
Precision = 58.84(456/775)
Recall = 29.16(456/1564+0)
F-Measure = 38.99

Legend of Sense Tags
S0 = w_p.people
S1 = w_p.world
