            S1	      S0	   TOTAL	
  C7:       18	       0	      18	(13.24)
 C11:        0	       6	       6	(4.41)
  C0:*      14	       0	      14	(10.29)
  C1:*       3	       0	       3	(2.21)
 C10:*       2	       1	       3	(2.21)
 C12:*       0	       2	       2	(1.47)
 C13:*       0	       6	       6	(4.41)
 C14:*       0	       4	       4	(2.94)
 C15:*       0	       6	       6	(4.41)
 C16:*       0	       2	       2	(1.47)
 C17:*       0	       5	       5	(3.68)
 C18:*       0	       6	       6	(4.41)
 C19:*       0	       5	       5	(3.68)
  C2:*      11	       0	      11	(8.09)
 C20:*       0	       4	       4	(2.94)
 C21:*       0	       3	       3	(2.21)
 C22:*       0	       2	       2	(1.47)
  C3:*       8	       0	       8	(5.88)
  C4:*       6	       0	       6	(4.41)
  C5:*       6	       0	       6	(4.41)
  C6:*       4	       0	       4	(2.94)
  C8:*      10	       0	      10	(7.35)
  C9:*       2	       0	       2	(1.47)
 TOTAL      84	      52	     136
         (61.76)   (38.24)
Precision = 100.00(24/24)
Recall = 17.65(24/136+0)
F-Measure = 30.00

Legend of Sense Tags
S0 = orange.Location_County
S1 = orange.fruit_tree
