            S0	      S2	      S1	   TOTAL	
  C2:       19	       0	       0	      19	(17.12)
 C10:        0	      16	       0	      16	(14.41)
 C13:        0	       0	       4	       4	(3.60)
  C0:*       2	       0	       0	       2	(1.80)
  C1:*       4	       0	       0	       4	(3.60)
 C11:*       0	       2	       0	       2	(1.80)
 C12:*       0	       2	       2	       4	(3.60)
 C14:*       0	       0	       3	       3	(2.70)
 C15:*       0	       0	       4	       4	(3.60)
 C16:*       0	       0	       2	       2	(1.80)
 C17:*       0	       0	       2	       2	(1.80)
 C18:*       0	       0	       2	       2	(1.80)
 C19:*       0	       0	       3	       3	(2.70)
 C20:*       0	       0	       3	       3	(2.70)
 C21:*       0	       0	       3	       3	(2.70)
 C22:*       0	       0	       3	       3	(2.70)
  C3:*       7	       0	       0	       7	(6.31)
  C4:*       5	       0	       0	       5	(4.50)
  C5:*       2	       0	       0	       2	(1.80)
  C6:*       2	       0	       0	       2	(1.80)
  C7:*       2	       0	       0	       2	(1.80)
  C8:*       1	       1	       0	       2	(1.80)
  C9:*       0	      15	       0	      15	(13.51)
 TOTAL      44	      36	      31	     111
         (39.64)   (32.43)   (27.93)
Precision = 100.00(39/39)
Recall = 35.14(39/111+0)
F-Measure = 52.00

Legend of Sense Tags
S0 = charged.accused
S1 = charged.demand_money
S2 = charged.entrust
