            S0	      S1	      S2	      S3	      S4	      S5	      S6	   TOTAL	
  C1:        7	       2	       0	       0	       0	       0	       0	       9	(9.00)
  C4:        0	      24	       1	       0	       0	       0	       0	      25	(25.00)
  C5:        0	       0	       4	       1	       0	       0	       0	       5	(5.00)
  C6:        0	       0	       0	      11	       0	       0	       0	      11	(11.00)
  C8:        0	       0	       0	       0	       6	       0	       0	       6	(6.00)
 C11:        0	       0	       0	       0	       2	       6	       0	       8	(8.00)
 C14:        0	       0	       0	       0	       0	       0	       4	       4	(4.00)
  C0:*       3	       0	       0	       0	       0	       0	       0	       3	(3.00)
 C10:*       0	       0	       0	       0	       3	       0	       0	       3	(3.00)
 C12:*       0	       0	       0	       0	       0	       3	       0	       3	(3.00)
 C13:*       0	       0	       0	       0	       0	       0	       2	       2	(2.00)
 C15:*       0	       0	       0	       0	       0	       0	       3	       3	(3.00)
  C2:*       0	       4	       0	       0	       0	       0	       0	       4	(4.00)
  C3:*       0	       4	       0	       0	       0	       0	       0	       4	(4.00)
  C7:*       0	       0	       0	       0	       4	       0	       0	       4	(4.00)
  C9:*       0	       0	       0	       0	       6	       0	       0	       6	(6.00)
 TOTAL      10	      34	       5	      12	      21	       9	       9	     100
         (10.00)   (34.00)   (5.00)   (12.00)   (21.00)   (9.00)   (9.00)
Precision = 91.18(62/68)
Recall = 62.00(62/100+0)
F-Measure = 73.81

Legend of Sense Tags
S0 = commit.1
S1 = commit.2
S2 = commit.3
S3 = commit.4
S4 = commit.5
S5 = commit.6
S6 = commit.7
