            S0	      S2	      S1	      S3	   TOTAL	
  C1:     1090	    1092	     556	     570	    3308	(33.08)
  C8:       43	     463	      67	      27	     600	(6.00)
 C10:      148	      43	     894	      34	    1119	(11.19)
 C20:       18	       1	       0	     257	     276	(2.76)
  C0:*     168	      60	      27	      24	     279	(2.79)
 C11:*     150	      11	       9	       3	     173	(1.73)
 C12:*     132	      10	       2	       4	     148	(1.48)
 C13:*      47	       4	     210	      10	     271	(2.71)
 C14:*      11	     275	       9	      35	     330	(3.30)
 C15:*      13	       1	      13	     200	     227	(2.27)
 C16:*       5	       1	       5	     171	     182	(1.82)
 C17:*      28	       2	      45	       4	      79	(0.79)
 C18:*       7	       0	       0	     223	     230	(2.30)
 C19:*      25	       0	       0	       0	      25	(0.25)
  C2:*      18	      10	       2	     207	     237	(2.37)
 C21:*      12	      32	      27	      17	      88	(0.88)
 C22:*       1	       0	       0	      37	      38	(0.38)
 C23:*       2	       0	       0	      51	      53	(0.53)
 C24:*       6	       5	      55	       6	      72	(0.72)
 C25:*       4	      74	       3	       1	      82	(0.82)
 C26:*       1	       1	       0	     114	     116	(1.16)
 C27:*       2	       0	       0	     132	     134	(1.34)
 C28:*       1	      45	       0	       1	      47	(0.47)
 C29:*       0	       0	     121	       0	     121	(1.21)
  C3:*     266	     185	     251	      66	     768	(7.68)
 C30:*       0	       0	      80	       0	      80	(0.80)
 C31:*       0	      18	       0	       0	      18	(0.18)
 C32:*       0	       8	       0	       0	       8	(0.08)
 C33:*       0	      19	       0	       0	      19	(0.19)
 C34:*       0	       4	       0	       0	       4	(0.04)
 C35:*       0	       6	       0	       0	       6	(0.06)
 C36:*       0	       6	       0	       0	       6	(0.06)
 C37:*       0	      13	       0	       0	      13	(0.13)
 C38:*       0	       5	       0	       0	       5	(0.05)
 C39:*       0	       0	       0	      67	      67	(0.67)
  C4:*      15	      11	       7	       5	      38	(0.38)
 C40:*       0	       0	       0	      72	      72	(0.72)
 C41:*       0	       0	       0	     100	     100	(1.00)
  C5:*      44	       0	       0	       0	      44	(0.44)
  C6:*      63	      58	     103	      13	     237	(2.37)
  C7:*      13	       0	       0	      32	      45	(0.45)
  C9:*     167	      37	      14	      17	     235	(2.35)
 TOTAL    2500	    2500	    2500	    2500	   10000
         (25.00)   (25.00)   (25.00)   (25.00)
Precision = 50.99(2704/5303)
Recall = 27.04(2704/10000+0)
F-Measure = 35.34

Legend of Sense Tags
S0 = P_M_S_S.MURDERERS
S1 = P_M_S_S.PLAINTIFF
S2 = P_M_S_S.SKELETON
S3 = P_M_S_S.STRONGMAN
