            S1	      S0	   TOTAL	
  C0:        6	       2	       8	(7.55)
  C3:        1	       6	       7	(6.60)
  C1:*       2	       1	       3	(2.83)
 C10:*       3	       0	       3	(2.83)
 C11:*       2	       1	       3	(2.83)
 C12:*       5	       3	       8	(7.55)
 C13:*       1	       6	       7	(6.60)
 C14:*       1	       2	       3	(2.83)
 C15:*       0	       2	       2	(1.89)
 C16:*       0	       3	       3	(2.83)
 C17:*       0	       3	       3	(2.83)
 C18:*       0	       2	       2	(1.89)
 C19:*       0	       2	       2	(1.89)
  C2:*       1	       3	       4	(3.77)
 C20:*       1	       3	       4	(3.77)
 C21:*       0	       3	       3	(2.83)
 C22:*       2	       0	       2	(1.89)
 C23:*       2	       0	       2	(1.89)
 C24:*       0	       4	       4	(3.77)
 C25:*       0	       3	       3	(2.83)
 C26:*       0	       2	       2	(1.89)
 C27:*       0	       2	       2	(1.89)
 C28:*       0	       2	       2	(1.89)
 C29:*       0	       2	       2	(1.89)
  C4:*       2	       1	       3	(2.83)
  C5:*       1	       4	       5	(4.72)
  C6:*       2	       1	       3	(2.83)
  C7:*       0	       3	       3	(2.83)
  C8:*       5	       1	       6	(5.66)
  C9:*       2	       0	       2	(1.89)
 TOTAL      39	      67	     106
         (36.79)   (63.21)
Precision = 80.00(12/15)
Recall = 11.32(12/106+0)
F-Measure = 19.83

Legend of Sense Tags
S0 = apple.1
S1 = apple.2
