            S0	      S1	      S2	      S3	   TOTAL	
  C0:        2	      10	       0	       0	      12	(12.00)
  C1:        1	      18	       6	       0	      25	(25.00)
  C9:        0	       2	       5	       0	       7	(7.00)
 C19:        0	       0	       0	       2	       2	(2.00)
 C10:*       0	       2	       2	       0	       4	(4.00)
 C11:*       0	       3	       0	       0	       3	(3.00)
 C12:*       0	       2	       0	       0	       2	(2.00)
 C13:*       0	       2	       2	       0	       4	(4.00)
 C14:*       0	       2	       0	       0	       2	(2.00)
 C15:*       0	       1	       1	       0	       2	(2.00)
 C16:*       1	       0	       1	       0	       2	(2.00)
 C17:*       0	       4	       0	       0	       4	(4.00)
 C18:*       0	       4	       0	       0	       4	(4.00)
  C2:*       0	       1	       1	       0	       2	(2.00)
 C20:*       0	       0	       0	       2	       2	(2.00)
  C3:*       1	       4	       0	       0	       5	(5.00)
  C4:*       0	       3	       0	       0	       3	(3.00)
  C5:*       0	       4	       0	       0	       4	(4.00)
  C6:*       0	       3	       0	       0	       3	(3.00)
  C7:*       1	       2	       1	       0	       4	(4.00)
  C8:*       0	       3	       1	       0	       4	(4.00)
 TOTAL       6	      70	      20	       4	     100
         (6.00)   (70.00)   (20.00)   (4.00)
Precision = 58.70(27/46)
Recall = 27.00(27/100+0)
F-Measure = 36.99

Legend of Sense Tags
S0 = calculate.1
S1 = calculate.2
S2 = calculate.3
S3 = calculate.calculate
